[2025-10-08 00:42:15] 
============================================================
[2025-10-08 00:42:15] PIPELINE STARTED - Generating 5000 examples
[2025-10-08 00:42:15] ============================================================

[2025-10-08 00:42:15] ============================================================
[2025-10-08 00:42:15] STARTING: Dataset Generation (5000 examples)
[2025-10-08 00:42:15] Command: python generate_dataset.py 5000
[2025-10-08 00:42:15] ============================================================
[2025-10-08 06:50:06] OK COMPLETED: Dataset Generation (5000 examples) (took 367.8 minutes)
[2025-10-08 06:50:06] ============================================================
[2025-10-08 06:50:06] STARTING: Prepare Fine-Tuning Data
[2025-10-08 06:50:06] Command: python fine-tuning-dataset.py
[2025-10-08 06:50:06] ============================================================
[2025-10-08 06:50:48] OK COMPLETED: Prepare Fine-Tuning Data (took 0.7 minutes)
[2025-10-08 06:50:48] ============================================================
[2025-10-08 06:50:48] STARTING: Model Fine-Tuning
[2025-10-08 06:50:48] Command: python finetune.py
[2025-10-08 06:50:48] ============================================================
[2025-10-08 15:34:38] OK COMPLETED: Model Fine-Tuning (took 523.8 minutes)
[2025-10-08 15:34:38] 
============================================================
[2025-10-08 15:34:38] OK PIPELINE COMPLETED SUCCESSFULLY
[2025-10-08 15:34:38] Total time: 14.9 hours
[2025-10-08 15:34:38] ============================================================

